<?xml version="1.0" encoding="UTF-8"?>
<!-- Generated by org.testng.reporters.JUnitReportReporter -->
<testsuite skipped="0" hostname="DESKTOP-AGMS0KT" name="com.banking.testCases.TC_AddCustomerTest_003" tests="1" failures="0" timestamp="13 Nov 2020 07:19:55 GMT" time="16.170" errors="0">
  <testcase name="addNewCustomer" time="16.170" classname="com.banking.testCases.TC_AddCustomerTest_003"/>
</testsuite> <!-- com.banking.testCases.TC_AddCustomerTest_003 -->
